TN:
SF:src/flush.ts
FN:4,flush
FN:6,(anonymous_1)
FNF:2
FNH:2
FNDA:15,flush
FNDA:11,(anonymous_1)
DA:1,5
DA:2,5
DA:4,5
DA:5,15
DA:6,3
DA:7,11
DA:10,12
LF:7
LH:7
BRDA:5,0,0,3
BRDA:5,0,1,12
BRF:2
BRH:2
end_of_record
TN:
SF:src/get.ts
FN:3,get
FNF:1
FNH:1
FNDA:39,get
DA:1,5
DA:3,5
DA:8,39
DA:11,39
DA:12,39
DA:13,39
DA:14,37
DA:17,5
DA:18,5
DA:20,0
DA:24,39
DA:25,3
DA:26,36
DA:27,36
LF:14
LH:13
BRDA:13,0,0,37
BRDA:13,0,1,2
BRDA:17,1,0,5
BRDA:17,1,1,0
BRDA:24,2,0,3
BRDA:24,2,1,36
BRDA:26,3,0,36
BRDA:26,3,1,0
BRDA:26,4,0,36
BRDA:26,4,1,36
BRF:10
BRH:8
end_of_record
TN:
SF:src/getAll.ts
FN:4,getAll
FN:8,(anonymous_1)
FN:16,(anonymous_2)
FNF:3
FNH:3
FNDA:10,getAll
FNDA:6,(anonymous_1)
FNDA:25,(anonymous_2)
DA:1,5
DA:2,5
DA:4,5
DA:5,10
DA:7,10
DA:8,1
DA:9,6
DA:10,6
DA:11,6
DA:12,6
DA:16,9
DA:17,25
LF:12
LH:12
BRDA:7,0,0,1
BRDA:7,0,1,9
BRF:2
BRH:2
end_of_record
TN:
SF:src/global.d.ts
FNF:0
FNH:0
LF:0
LH:0
BRF:0
BRH:0
end_of_record
TN:
SF:src/index.ts
FN:25,(anonymous_0)
FN:27,(anonymous_1)
FN:26,(anonymous_2)
FN:24,(anonymous_3)
FNF:4
FNH:2
FNDA:0,(anonymous_0)
FNDA:0,(anonymous_1)
FNDA:2,(anonymous_2)
FNDA:2,(anonymous_3)
DA:1,5
DA:2,5
DA:3,5
DA:4,5
DA:5,5
DA:6,5
DA:7,5
DA:8,5
DA:9,5
DA:10,5
DA:11,5
DA:14,5
DA:15,5
DA:16,5
DA:17,5
DA:18,5
DA:19,5
DA:20,5
DA:21,5
DA:22,5
DA:23,5
DA:24,7
DA:25,5
DA:26,7
DA:27,5
LF:25
LH:25
BRF:0
BRH:0
end_of_record
TN:
SF:src/keys.ts
FN:2,keys
FN:11,(anonymous_1)
FNF:2
FNH:2
FNDA:15,keys
FNDA:35,(anonymous_1)
DA:1,5
DA:2,5
DA:3,15
DA:4,15
DA:5,15
DA:7,15
DA:8,7
DA:11,8
DA:12,35
DA:13,25
DA:17,8
LF:11
LH:11
BRDA:7,0,0,7
BRDA:7,0,1,8
BRDA:12,1,0,25
BRDA:12,1,1,10
BRF:4
BRH:4
end_of_record
TN:
SF:src/prefix.ts
FN:2,setPrefix
FN:6,getPrefixedKey
FN:14,hasPrefix
FN:18,getPrefix
FNF:4
FNH:4
FNDA:2,setPrefix
FNDA:205,getPrefixedKey
FNDA:30,hasPrefix
FNDA:15,getPrefix
DA:1,6
DA:2,6
DA:3,2
DA:4,2
DA:6,6
DA:7,205
DA:8,1
DA:10,204
DA:14,6
DA:15,30
DA:18,6
DA:19,15
DA:22,6
LF:13
LH:13
BRDA:7,0,0,1
BRDA:7,0,1,204
BRDA:7,1,0,203
BRDA:7,1,1,2
BRDA:7,2,0,205
BRDA:7,2,1,205
BRF:6
BRH:6
end_of_record
TN:
SF:src/rm.ts
FN:3,rm
FNF:1
FNH:1
FNDA:1,rm
DA:1,5
DA:3,5
DA:4,1
DA:6,1
LF:4
LH:4
BRF:0
BRH:0
end_of_record
TN:
SF:src/sadd.ts
FN:4,sadd
FNF:1
FNH:1
FNDA:43,sadd
DA:1,6
DA:2,6
DA:4,6
DA:9,43
DA:12,43
DA:14,43
DA:15,11
DA:18,32
DA:19,32
DA:20,32
DA:21,32
DA:23,0
DA:24,0
DA:25,0
DA:33,32
LF:15
LH:12
BRDA:14,0,0,11
BRDA:14,0,1,32
BRDA:24,1,0,0
BRDA:24,1,1,0
BRF:4
BRH:2
end_of_record
TN:
SF:src/set.ts
FN:4,set
FNF:1
FNH:1
FNDA:59,set
DA:1,5
DA:4,5
DA:5,59
DA:7,59
DA:8,59
DA:10,0
DA:11,0
LF:7
LH:5
BRDA:10,0,0,0
BRDA:10,0,1,0
BRF:2
BRH:0
end_of_record
TN:
SF:src/sismember.ts
FN:3,sismember
FNF:1
FNH:1
FNDA:3,sismember
DA:1,6
DA:3,6
DA:4,3
LF:3
LH:3
BRF:0
BRH:0
end_of_record
TN:
SF:src/smembers.ts
FN:2,smembers
FNF:1
FNH:1
FNDA:49,smembers
DA:1,6
DA:2,6
DA:3,49
DA:6,49
DA:7,49
DA:8,33
DA:10,16
DA:13,49
LF:8
LH:8
BRDA:7,0,0,33
BRDA:7,0,1,16
BRDA:13,1,0,33
BRDA:13,1,1,16
BRDA:13,2,0,49
BRDA:13,2,1,33
BRF:6
BRH:6
end_of_record
TN:
SF:src/srem.ts
FN:4,srem
FNF:1
FNH:1
FNDA:1,srem
DA:1,6
DA:2,6
DA:4,6
DA:5,1
DA:6,1
DA:7,1
DA:9,1
DA:10,1
DA:13,1
DA:15,1
DA:16,1
DA:18,0
DA:19,0
LF:13
LH:11
BRDA:9,0,0,1
BRDA:9,0,1,0
BRDA:18,1,0,0
BRDA:18,1,1,0
BRF:4
BRH:1
end_of_record
